[ 2017-10-27T10:21:28+08:00 ] 127.0.0.1 /Manage/Users/createStore.html
INFO: [ app_init ] --START--
INFO: Run Behavior\BuildLiteBehavior [ RunTime:0.000012s ]
INFO: [ app_init ] --END-- [ RunTime:0.000450s ]
INFO: [ app_begin ] --START--
INFO: Run Behavior\ReadHtmlCacheBehavior [ RunTime:0.001203s ]
INFO: [ app_begin ] --END-- [ RunTime:0.001288s ]

[ 2017-10-27T10:21:28+08:00 ] 127.0.0.1 /Manage/Index/toLogin.html
INFO: [ app_init ] --START--
INFO: Run Behavior\BuildLiteBehavior [ RunTime:0.000014s ]
INFO: [ app_init ] --END-- [ RunTime:0.000362s ]
INFO: [ app_begin ] --START--
INFO: Run Behavior\ReadHtmlCacheBehavior [ RunTime:0.000488s ]
INFO: [ app_begin ] --END-- [ RunTime:0.000537s ]
INFO: [ view_parse ] --START--
INFO: [ template_filter ] --START--
INFO: Run Behavior\ContentReplaceBehavior [ RunTime:0.000133s ]
INFO: [ template_filter ] --END-- [ RunTime:0.000186s ]
INFO: Run Behavior\ParseTemplateBehavior [ RunTime:0.024773s ]
INFO: [ view_parse ] --END-- [ RunTime:0.024843s ]
INFO: [ view_filter ] --START--
INFO: Run Behavior\WriteHtmlCacheBehavior [ RunTime:0.000933s ]
INFO: [ view_filter ] --END-- [ RunTime:0.000992s ]
INFO: [ app_end ] --START--
INFO: Run Behavior\ShowPageTraceBehavior [ RunTime:0.002099s ]
INFO: [ app_end ] --END-- [ RunTime:0.002195s ]

[ 2017-10-27T10:21:30+08:00 ] 127.0.0.1 /Manage/Index/login.html
INFO: [ app_init ] --START--
INFO: Run Behavior\BuildLiteBehavior [ RunTime:0.000014s ]
INFO: [ app_init ] --END-- [ RunTime:0.000357s ]
INFO: [ app_begin ] --START--
INFO: Run Behavior\ReadHtmlCacheBehavior [ RunTime:0.000543s ]
INFO: [ app_begin ] --END-- [ RunTime:0.000596s ]
SQL: SHOW COLUMNS FROM `de_users` [ RunTime:0.0063s ]
SQL: SHOW COLUMNS FROM `de_users` [ RunTime:0.0052s ]
SQL: SELECT * FROM `de_users` WHERE ( loginName="ceshi@qq.com" and userStatus=1 or userId =306 ) LIMIT 1   [ RunTime:0.0013s ]
NOTIC: [8] Undefined index: grant C:\Users\Administrator\Desktop\payCode\code\Application\Manage\Model\UsersModel.class.php 第 34 行.
SQL: UPDATE `de_users` SET `userId`='306',`parentId`='182',`tgId`='0',`tgemId`='0',`loginName`='兴宁深宝',`loginSecret`='4075',`loginPwd`='3e7f5c41c14d9607fd719b8f911fa6f1',`userType`='0',`userName`='兴宁市深宝键身休闲有限公司',`userQQ`=NULL,`userPhone`='13903000139',`userEmail`='9685199711@qq.com',`userScore`='0',`userPhoto`=NULL,`userTotalScore`='0',`userStatus`='1',`userFlag`='1',`userAudit`='1',`userStep`='1',`wx_appId`='wx279a7af089a58da1',`wx_appSecret`='7da603f1e9fd99bab762da217a825544',`wx_mchId`=NULL,`wx_apiSecret`=NULL,`wx_apiclientCert`=NULL,`wx_apiclientKey`=NULL,`wx_apiclientCa`=NULL,`wx_token`=NULL,`wx_update`=NULL,`wx_issp`='3',`zz_name`=NULL,`zz_payAtuh`='1',`zz_sfz`=NULL,`zz_shname`=NULL,`zz_license`=NULL,`zz_banktype`=NULL,`zz_bank`=NULL,`zz_accountname`='',`zz_bankinfo`=NULL,`bankPhone`='',`zz_sftype`=NULL,`zz_yxq`=NULL,`zz_jc`=NULL,`zz_jyxz`=NULL,`incode`='0',`sid`='',`fid`='',`backcode`='0',`zz_zcdz`=NULL,`zz_bankqc`=NULL,`tszz`=NULL,`yyzz`=NULL,`zzjg`=NULL,`sfzz`=NULL,`sfzf`=NULL,`gd_mchId`='101590077738',`xy_key`='b8bafbe19097167504bbcb34e602da58',`gd_rate`='',`reson`=NULL,`createTime`='2017-07-15 11:41:09',`lastIP`='127.0.0.1',`lastTime`='2017-10-27 10:21:30' WHERE ( userId=306 ) [ RunTime:0.0008s ]
SQL: SHOW COLUMNS FROM `de_log_user_logins` [ RunTime:0.0047s ]
SQL: INSERT INTO `de_log_user_logins` (`userId`,`loginTime`,`loginIp`) VALUES ('306','2017-10-27 10:21:30','127.0.0.1') [ RunTime:0.0006s ]

[ 2017-10-27T10:21:30+08:00 ] 127.0.0.1 /Manage/Index/index.html
INFO: [ app_init ] --START--
INFO: Run Behavior\BuildLiteBehavior [ RunTime:0.000018s ]
INFO: [ app_init ] --END-- [ RunTime:0.000472s ]
INFO: [ app_begin ] --START--
INFO: Run Behavior\ReadHtmlCacheBehavior [ RunTime:0.000530s ]
INFO: [ app_begin ] --END-- [ RunTime:0.000579s ]
SQL: SHOW COLUMNS FROM `de_users` [ RunTime:0.0060s ]
SQL: SELECT * FROM `de_users` WHERE ( userId=306 ) LIMIT 1   [ RunTime:0.0009s ]
SQL: SHOW COLUMNS FROM `de_configs` [ RunTime:0.0047s ]
SQL: SELECT * FROM `de_configs` WHERE ( configId=1 ) LIMIT 1   [ RunTime:0.0005s ]
SQL: SHOW COLUMNS FROM `de_order` [ RunTime:0.0061s ]
SQL: SHOW COLUMNS FROM `de_bindweixin` [ RunTime:0.0055s ]
SQL: SHOW COLUMNS FROM `de_financial` [ RunTime:0.0043s ]
SQL: SELECT * FROM `de_financial` WHERE ( userId=306 ) LIMIT 1   [ RunTime:0.0009s ]
SQL: SHOW COLUMNS FROM `de_stores` [ RunTime:0.0044s ]
SQL: SELECT COUNT(*) AS tp_count FROM `de_bindweixin` WHERE ( userId = 306 and usId = 0 and storeId = 0 ) LIMIT 1   [ RunTime:0.0005s ]
SQL: SELECT COUNT(*) AS tp_count FROM `de_order` WHERE ( uid=306 and year(FROM_UNIXTIME(paytime))=2017 and 1 ) LIMIT 1   [ RunTime:0.0003s ]
SQL: SELECT COUNT(*) AS tp_count FROM `de_order` WHERE ( uid=306 and year(FROM_UNIXTIME(paytime))=2016 and 1 ) LIMIT 1   [ RunTime:0.0003s ]
NOTIC: [2] Division by zero C:\Users\Administrator\Desktop\payCode\code\Application\Manage\Controller\IndexController.class.php 第 66 行.
SQL: SELECT COUNT(*) AS tp_count FROM `de_order` WHERE ( uid=306 and date_format(FROM_UNIXTIME(paytime),'%Y-%m')='2017-10' and 1 ) LIMIT 1   [ RunTime:0.0002s ]
SQL: SELECT COUNT(*) AS tp_count FROM `de_order` WHERE ( uid=306 and date_format(FROM_UNIXTIME(paytime),'%Y-%m')='2017-09' and 1 ) LIMIT 1   [ RunTime:0.0002s ]
SQL: SELECT SUM(goods_price) AS tp_sum FROM `de_order` WHERE ( uid=306 and refund = 0 and ispay = 1 and date_format(FROM_UNIXTIME(paytime),'%Y-%m-%d')='2017-10-27' and 1 ) LIMIT 1   [ RunTime:0.0002s ]
SQL: SELECT SUM(goods_price) AS tp_sum FROM `de_order` WHERE ( uid=306 and refund = 0 and ispay = 1 and date_format(FROM_UNIXTIME(paytime),'%Y-%m-%d')='2017-10-26' and 1 ) LIMIT 1   [ RunTime:0.0002s ]
NOTIC: [2] Division by zero C:\Users\Administrator\Desktop\payCode\code\Application\Manage\Controller\IndexController.class.php 第 79 行.
SQL: SELECT SUM(goods_price) AS tp_sum FROM `de_order` WHERE ( uid=306 and refund = 0 and ispay = 1 and date_format(FROM_UNIXTIME(paytime),'%Y-%m')='2017-04' and 1 ) LIMIT 1   [ RunTime:0.0002s ]
SQL: SELECT COUNT(*) AS tp_count FROM `de_order` WHERE ( uid=306 and date_format(FROM_UNIXTIME(paytime),'%Y-%m')='2017-04' and 1 ) LIMIT 1   [ RunTime:0.0002s ]
SQL: SELECT SUM(goods_price) AS tp_sum FROM `de_order` WHERE ( uid=306 and refund = 0 and ispay = 1 and date_format(FROM_UNIXTIME(paytime),'%Y-%m')='2017-05' and 1 ) LIMIT 1   [ RunTime:0.0002s ]
SQL: SELECT COUNT(*) AS tp_count FROM `de_order` WHERE ( uid=306 and date_format(FROM_UNIXTIME(paytime),'%Y-%m')='2017-05' and 1 ) LIMIT 1   [ RunTime:0.0002s ]
SQL: SELECT SUM(goods_price) AS tp_sum FROM `de_order` WHERE ( uid=306 and refund = 0 and ispay = 1 and date_format(FROM_UNIXTIME(paytime),'%Y-%m')='2017-06' and 1 ) LIMIT 1   [ RunTime:0.0002s ]
SQL: SELECT COUNT(*) AS tp_count FROM `de_order` WHERE ( uid=306 and date_format(FROM_UNIXTIME(paytime),'%Y-%m')='2017-06' and 1 ) LIMIT 1   [ RunTime:0.0002s ]
SQL: SELECT SUM(goods_price) AS tp_sum FROM `de_order` WHERE ( uid=306 and refund = 0 and ispay = 1 and date_format(FROM_UNIXTIME(paytime),'%Y-%m')='2017-07' and 1 ) LIMIT 1   [ RunTime:0.0002s ]
SQL: SELECT COUNT(*) AS tp_count FROM `de_order` WHERE ( uid=306 and date_format(FROM_UNIXTIME(paytime),'%Y-%m')='2017-07' and 1 ) LIMIT 1   [ RunTime:0.0002s ]
SQL: SELECT SUM(goods_price) AS tp_sum FROM `de_order` WHERE ( uid=306 and refund = 0 and ispay = 1 and date_format(FROM_UNIXTIME(paytime),'%Y-%m')='2017-08' and 1 ) LIMIT 1   [ RunTime:0.0002s ]
SQL: SELECT COUNT(*) AS tp_count FROM `de_order` WHERE ( uid=306 and date_format(FROM_UNIXTIME(paytime),'%Y-%m')='2017-08' and 1 ) LIMIT 1   [ RunTime:0.0002s ]
SQL: SELECT SUM(goods_price) AS tp_sum FROM `de_order` WHERE ( uid=306 and refund = 0 and ispay = 1 and date_format(FROM_UNIXTIME(paytime),'%Y-%m')='2017-09' and 1 ) LIMIT 1   [ RunTime:0.0002s ]
SQL: SELECT COUNT(*) AS tp_count FROM `de_order` WHERE ( uid=306 and date_format(FROM_UNIXTIME(paytime),'%Y-%m')='2017-09' and 1 ) LIMIT 1   [ RunTime:0.0002s ]
SQL: SELECT SUM(goods_price) AS tp_sum FROM `de_order` WHERE ( uid=306 and refund = 0 and ispay = 1 and date_format(FROM_UNIXTIME(paytime),'%Y-%m')='2017-10' and 1 ) LIMIT 1   [ RunTime:0.0002s ]
SQL: SELECT COUNT(*) AS tp_count FROM `de_order` WHERE ( uid=306 and date_format(FROM_UNIXTIME(paytime),'%Y-%m')='2017-10' and 1 ) LIMIT 1   [ RunTime:0.0002s ]
SQL: SELECT COUNT(*) AS tp_count FROM `de_stores` WHERE ( userId=306 ) LIMIT 1   [ RunTime:0.0002s ]
SQL: SHOW COLUMNS FROM `de_ustaffs` [ RunTime:0.0048s ]
SQL: SELECT COUNT(*) AS tp_count FROM `de_ustaffs` WHERE ( userId=306 ) LIMIT 1   [ RunTime:0.0004s ]
INFO: [ view_parse ] --START--
INFO: [ template_filter ] --START--
INFO: Run Behavior\ContentReplaceBehavior [ RunTime:0.000490s ]
INFO: [ template_filter ] --END-- [ RunTime:0.000584s ]
NOTIC: [2] Division by zero C:\Users\Administrator\Desktop\payCode\code\Application\Runtime\Cache\Manage\737aa8fc5877d411a50443dade831133.php 第 344 行.
NOTIC: [2] Division by zero C:\Users\Administrator\Desktop\payCode\code\Application\Runtime\Cache\Manage\737aa8fc5877d411a50443dade831133.php 第 351 行.
INFO: Run Behavior\ParseTemplateBehavior [ RunTime:0.042728s ]
INFO: [ view_parse ] --END-- [ RunTime:0.042786s ]
INFO: [ view_filter ] --START--
INFO: Run Behavior\WriteHtmlCacheBehavior [ RunTime:0.000367s ]
INFO: [ view_filter ] --END-- [ RunTime:0.000402s ]
INFO: [ app_end ] --START--
INFO: Run Behavior\ShowPageTraceBehavior [ RunTime:0.000684s ]
INFO: [ app_end ] --END-- [ RunTime:0.000759s ]

[ 2017-10-27T10:21:32+08:00 ] 127.0.0.1 /Manage/Users/employers.html
INFO: [ app_init ] --START--
INFO: Run Behavior\BuildLiteBehavior [ RunTime:0.000017s ]
INFO: [ app_init ] --END-- [ RunTime:0.000405s ]
INFO: [ app_begin ] --START--
INFO: Run Behavior\ReadHtmlCacheBehavior [ RunTime:0.000548s ]
INFO: [ app_begin ] --END-- [ RunTime:0.000602s ]
SQL: SHOW COLUMNS FROM `de_stores` [ RunTime:0.0051s ]
SQL: SELECT * FROM `de_stores` WHERE ( userId=306 )  [ RunTime:0.0010s ]
SQL: SHOW COLUMNS FROM `de_ustaffs` [ RunTime:0.0046s ]
SQL: SELECT * FROM `de_ustaffs` WHERE ( userId=306 )  [ RunTime:0.0004s ]
NOTIC: [8] Undefined variable: store C:\Users\Administrator\Desktop\payCode\code\Application\Manage\Controller\UsersController.class.php 第 60 行.
INFO: [ view_parse ] --START--
INFO: [ template_filter ] --START--
INFO: Run Behavior\ContentReplaceBehavior [ RunTime:0.000425s ]
INFO: [ template_filter ] --END-- [ RunTime:0.000479s ]
NOTIC: [8] Undefined index: printer_sn C:\Users\Administrator\Desktop\payCode\code\Application\Runtime\Cache\Manage\f61d047165c3d93d84e0184aaa367b91.php 第 423 行.
INFO: Run Behavior\ParseTemplateBehavior [ RunTime:0.037896s ]
INFO: [ view_parse ] --END-- [ RunTime:0.037954s ]
INFO: [ view_filter ] --START--
INFO: Run Behavior\WriteHtmlCacheBehavior [ RunTime:0.000349s ]
INFO: [ view_filter ] --END-- [ RunTime:0.000390s ]
INFO: [ app_end ] --START--
INFO: Run Behavior\ShowPageTraceBehavior [ RunTime:0.000544s ]
INFO: [ app_end ] --END-- [ RunTime:0.000592s ]

[ 2017-10-27T10:21:33+08:00 ] 127.0.0.1 /Manage/Users/storefront.html
INFO: [ app_init ] --START--
INFO: Run Behavior\BuildLiteBehavior [ RunTime:0.000011s ]
INFO: [ app_init ] --END-- [ RunTime:0.000295s ]
INFO: [ app_begin ] --START--
INFO: Run Behavior\ReadHtmlCacheBehavior [ RunTime:0.000418s ]
INFO: [ app_begin ] --END-- [ RunTime:0.000457s ]
SQL: SHOW COLUMNS FROM `de_users` [ RunTime:0.0059s ]
SQL: SHOW COLUMNS FROM `de_stores` [ RunTime:0.0044s ]
SQL: select count(*) counts from (select * from de_stores where userId=306 order by storeId desc ) as a [ RunTime:0.0006s ]
SQL: select * from de_stores where userId=306 order by storeId desc  limit 0,20 [ RunTime:0.0005s ]
SQL: SELECT * FROM `de_users` WHERE ( userId=306 ) LIMIT 1   [ RunTime:0.0008s ]
INFO: [ view_parse ] --START--
INFO: [ template_filter ] --START--
INFO: Run Behavior\ContentReplaceBehavior [ RunTime:0.000381s ]
INFO: [ template_filter ] --END-- [ RunTime:0.000431s ]
INFO: Run Behavior\ParseTemplateBehavior [ RunTime:0.039735s ]
INFO: [ view_parse ] --END-- [ RunTime:0.039786s ]
INFO: [ view_filter ] --START--
INFO: Run Behavior\WriteHtmlCacheBehavior [ RunTime:0.000306s ]
INFO: [ view_filter ] --END-- [ RunTime:0.000339s ]
INFO: [ app_end ] --START--
INFO: Run Behavior\ShowPageTraceBehavior [ RunTime:0.000551s ]
INFO: [ app_end ] --END-- [ RunTime:0.000598s ]

[ 2017-10-27T10:21:35+08:00 ] 127.0.0.1 /Manage/Users/createStore.html
INFO: [ app_init ] --START--
INFO: Run Behavior\BuildLiteBehavior [ RunTime:0.000011s ]
INFO: [ app_init ] --END-- [ RunTime:0.000345s ]
INFO: [ app_begin ] --START--
INFO: Run Behavior\ReadHtmlCacheBehavior [ RunTime:0.000451s ]
INFO: [ app_begin ] --END-- [ RunTime:0.000498s ]
SQL: SHOW COLUMNS FROM `de_district` [ RunTime:0.1783s ]
SQL: SHOW COLUMNS FROM `de_cashier_category` [ RunTime:0.0733s ]
NOTIC: [2] Missing argument 1 for Manage\Model\DistrictModel::getDistrict(), called in C:\Users\Administrator\Desktop\payCode\code\Application\Manage\Controller\UsersController.class.php on line 142 and defined C:\Users\Administrator\Desktop\payCode\code\Application\Manage\Model\DistrictModel.class.php 第 7 行.
NOTIC: [8] Undefined variable: id C:\Users\Administrator\Desktop\payCode\code\Application\Manage\Model\DistrictModel.class.php 第 8 行.
SQL: SELECT * FROM `de_district` WHERE ( fid=0 )  [ RunTime:0.0124s ]
NOTIC: [2] Missing argument 1 for Manage\Model\CashierCategoryModel::getCategory(), called in C:\Users\Administrator\Desktop\payCode\code\Application\Manage\Controller\UsersController.class.php on line 143 and defined C:\Users\Administrator\Desktop\payCode\code\Application\Manage\Model\CashierCategoryModel.class.php 第 7 行.
NOTIC: [8] Undefined variable: id C:\Users\Administrator\Desktop\payCode\code\Application\Manage\Model\CashierCategoryModel.class.php 第 8 行.
SQL: SELECT * FROM `de_cashier_category` WHERE ( fid=0 )  [ RunTime:0.0107s ]
INFO: [ view_parse ] --START--
INFO: [ template_filter ] --START--
INFO: Run Behavior\ContentReplaceBehavior [ RunTime:0.000656s ]
INFO: [ template_filter ] --END-- [ RunTime:0.000709s ]
NOTIC: [8] Undefined variable: typeid C:\Users\Administrator\Desktop\payCode\code\Application\Runtime\Cache\Manage\68ee8191f0f37f6ceb475a03c1734aa2.php 第 489 行.
INFO: Run Behavior\ParseTemplateBehavior [ RunTime:0.037373s ]
INFO: [ view_parse ] --END-- [ RunTime:0.037419s ]
INFO: [ view_filter ] --START--
INFO: Run Behavior\WriteHtmlCacheBehavior [ RunTime:0.000300s ]
INFO: [ view_filter ] --END-- [ RunTime:0.000336s ]
INFO: [ app_end ] --START--
INFO: Run Behavior\ShowPageTraceBehavior [ RunTime:0.000756s ]
INFO: [ app_end ] --END-- [ RunTime:0.000901s ]

[ 2017-10-27T10:21:35+08:00 ] 127.0.0.1 /Manage/Users/getCategory.html
INFO: [ app_init ] --START--
INFO: Run Behavior\BuildLiteBehavior [ RunTime:0.000016s ]
INFO: [ app_init ] --END-- [ RunTime:0.000463s ]
INFO: [ app_begin ] --START--
INFO: Run Behavior\ReadHtmlCacheBehavior [ RunTime:0.000729s ]
INFO: [ app_begin ] --END-- [ RunTime:0.000928s ]
SQL: SHOW COLUMNS FROM `de_cashier_category` [ RunTime:0.0080s ]
SQL: SELECT * FROM `de_cashier_category` WHERE ( fid=1 )  [ RunTime:0.0007s ]

[ 2017-10-27T10:21:37+08:00 ] 127.0.0.1 /Manage/Users/getDistrict.html
INFO: [ app_init ] --START--
INFO: Run Behavior\BuildLiteBehavior [ RunTime:0.000013s ]
INFO: [ app_init ] --END-- [ RunTime:0.000418s ]
INFO: [ app_begin ] --START--
INFO: Run Behavior\ReadHtmlCacheBehavior [ RunTime:0.000418s ]
INFO: [ app_begin ] --END-- [ RunTime:0.000457s ]
SQL: SHOW COLUMNS FROM `de_district` [ RunTime:0.0050s ]
SQL: SELECT * FROM `de_district` WHERE ( fid=2 )  [ RunTime:0.0008s ]

[ 2017-10-27T10:22:01+08:00 ] 127.0.0.1 /Manage/Index/logout.html
INFO: [ app_init ] --START--
INFO: Run Behavior\BuildLiteBehavior [ RunTime:0.000012s ]
INFO: [ app_init ] --END-- [ RunTime:0.000346s ]
INFO: [ app_begin ] --START--
INFO: Run Behavior\ReadHtmlCacheBehavior [ RunTime:0.000427s ]
INFO: [ app_begin ] --END-- [ RunTime:0.000468s ]
INFO: [ view_parse ] --START--
INFO: [ template_filter ] --START--
INFO: Run Behavior\ContentReplaceBehavior [ RunTime:0.000076s ]
INFO: [ template_filter ] --END-- [ RunTime:0.000134s ]
INFO: Run Behavior\ParseTemplateBehavior [ RunTime:0.007042s ]
INFO: [ view_parse ] --END-- [ RunTime:0.007111s ]
INFO: [ view_filter ] --START--
INFO: Run Behavior\WriteHtmlCacheBehavior [ RunTime:0.000255s ]
INFO: [ view_filter ] --END-- [ RunTime:0.000294s ]
INFO: [ app_end ] --START--
INFO: Run Behavior\ShowPageTraceBehavior [ RunTime:0.000519s ]
INFO: [ app_end ] --END-- [ RunTime:0.000562s ]

[ 2017-10-27T10:22:01+08:00 ] 127.0.0.1 /Manage/Index/logout.html
INFO: [ app_init ] --START--
INFO: Run Behavior\BuildLiteBehavior [ RunTime:0.000015s ]
INFO: [ app_init ] --END-- [ RunTime:0.000401s ]
INFO: [ app_begin ] --START--
INFO: Run Behavior\ReadHtmlCacheBehavior [ RunTime:0.000581s ]
INFO: [ app_begin ] --END-- [ RunTime:0.000652s ]
INFO: [ view_parse ] --START--
INFO: [ template_filter ] --START--
INFO: Run Behavior\ContentReplaceBehavior [ RunTime:0.000073s ]
INFO: [ template_filter ] --END-- [ RunTime:0.000131s ]
INFO: Run Behavior\ParseTemplateBehavior [ RunTime:0.007056s ]
INFO: [ view_parse ] --END-- [ RunTime:0.007138s ]
INFO: [ view_filter ] --START--
INFO: Run Behavior\WriteHtmlCacheBehavior [ RunTime:0.000280s ]
INFO: [ view_filter ] --END-- [ RunTime:0.000319s ]
INFO: [ app_end ] --START--
INFO: Run Behavior\ShowPageTraceBehavior [ RunTime:0.000511s ]
INFO: [ app_end ] --END-- [ RunTime:0.000553s ]

[ 2017-10-27T10:22:02+08:00 ] 127.0.0.1 /Manage/Index/toLogin.html
INFO: [ app_init ] --START--
INFO: Run Behavior\BuildLiteBehavior [ RunTime:0.000021s ]
INFO: [ app_init ] --END-- [ RunTime:0.000562s ]
INFO: [ app_begin ] --START--
INFO: Run Behavior\ReadHtmlCacheBehavior [ RunTime:0.000461s ]
INFO: [ app_begin ] --END-- [ RunTime:0.000505s ]
INFO: [ view_parse ] --START--
INFO: [ template_filter ] --START--
INFO: Run Behavior\ContentReplaceBehavior [ RunTime:0.000129s ]
INFO: [ template_filter ] --END-- [ RunTime:0.000195s ]
INFO: Run Behavior\ParseTemplateBehavior [ RunTime:0.007387s ]
INFO: [ view_parse ] --END-- [ RunTime:0.007446s ]
INFO: [ view_filter ] --START--
INFO: Run Behavior\WriteHtmlCacheBehavior [ RunTime:0.000248s ]
INFO: [ view_filter ] --END-- [ RunTime:0.000284s ]
INFO: [ app_end ] --START--
INFO: Run Behavior\ShowPageTraceBehavior [ RunTime:0.000431s ]
INFO: [ app_end ] --END-- [ RunTime:0.000469s ]

[ 2017-10-27T15:34:15+08:00 ] 127.0.0.1 /Manage/Index/register.html
INFO: [ app_init ] --START--
INFO: Run Behavior\BuildLiteBehavior [ RunTime:0.000021s ]
INFO: [ app_init ] --END-- [ RunTime:0.002326s ]
INFO: [ app_begin ] --START--
INFO: Run Behavior\ReadHtmlCacheBehavior [ RunTime:0.001844s ]
INFO: [ app_begin ] --END-- [ RunTime:0.001933s ]
INFO: [ view_parse ] --START--
INFO: [ template_filter ] --START--
INFO: Run Behavior\ContentReplaceBehavior [ RunTime:0.000657s ]
INFO: [ template_filter ] --END-- [ RunTime:0.000752s ]
INFO: Run Behavior\ParseTemplateBehavior [ RunTime:0.022390s ]
INFO: [ view_parse ] --END-- [ RunTime:0.022464s ]
INFO: [ view_filter ] --START--
INFO: Run Behavior\WriteHtmlCacheBehavior [ RunTime:0.000637s ]
INFO: [ view_filter ] --END-- [ RunTime:0.000681s ]
INFO: [ app_end ] --START--
INFO: Run Behavior\ShowPageTraceBehavior [ RunTime:0.000949s ]
INFO: [ app_end ] --END-- [ RunTime:0.001013s ]

[ 2017-10-27T15:34:16+08:00 ] 127.0.0.1 /Manage/Index/login.html
INFO: [ app_init ] --START--
INFO: Run Behavior\BuildLiteBehavior [ RunTime:0.000020s ]
INFO: [ app_init ] --END-- [ RunTime:0.002303s ]
INFO: [ app_begin ] --START--
INFO: Run Behavior\ReadHtmlCacheBehavior [ RunTime:0.001845s ]
INFO: [ app_begin ] --END-- [ RunTime:0.001933s ]
SQL: SHOW COLUMNS FROM `de_users` [ RunTime:0.0153s ]
SQL: SHOW COLUMNS FROM `de_users` [ RunTime:0.0049s ]
SQL: SELECT * FROM `de_users` WHERE ( loginName="ceshi@qq.com" and userStatus=1 or userId =306 ) LIMIT 1   [ RunTime:0.0012s ]
NOTIC: [8] Undefined index: grant C:\Users\Administrator\Desktop\payCode\code\Application\Manage\Model\UsersModel.class.php 第 34 行.
SQL: UPDATE `de_users` SET `userId`='306',`parentId`='182',`tgId`='0',`tgemId`='0',`loginName`='兴宁深宝',`loginSecret`='4075',`loginPwd`='3e7f5c41c14d9607fd719b8f911fa6f1',`userType`='0',`userName`='兴宁市深宝键身休闲有限公司',`userQQ`=NULL,`userPhone`='13903000139',`userEmail`='9685199711@qq.com',`userScore`='0',`userPhoto`=NULL,`userTotalScore`='0',`userStatus`='1',`userFlag`='1',`userAudit`='1',`userStep`='1',`wx_appId`='wx279a7af089a58da1',`wx_appSecret`='7da603f1e9fd99bab762da217a825544',`wx_mchId`=NULL,`wx_apiSecret`=NULL,`wx_apiclientCert`=NULL,`wx_apiclientKey`=NULL,`wx_apiclientCa`=NULL,`wx_token`=NULL,`wx_update`=NULL,`wx_issp`='3',`zz_name`=NULL,`zz_payAtuh`='1',`zz_sfz`=NULL,`zz_shname`=NULL,`zz_license`=NULL,`zz_banktype`=NULL,`zz_bank`=NULL,`zz_accountname`='',`zz_bankinfo`=NULL,`bankPhone`='',`zz_sftype`=NULL,`zz_yxq`=NULL,`zz_jc`=NULL,`zz_jyxz`=NULL,`incode`='0',`sid`='',`fid`='',`backcode`='0',`zz_zcdz`=NULL,`zz_bankqc`=NULL,`tszz`=NULL,`yyzz`=NULL,`zzjg`=NULL,`sfzz`=NULL,`sfzf`=NULL,`gd_mchId`='101590077738',`xy_key`='b8bafbe19097167504bbcb34e602da58',`gd_rate`='',`reson`=NULL,`createTime`='2017-07-15 11:41:09',`lastIP`='127.0.0.1',`lastTime`='2017-10-27 15:34:15' WHERE ( userId=306 ) [ RunTime:0.0007s ]
SQL: SHOW COLUMNS FROM `de_log_user_logins` [ RunTime:0.0147s ]
SQL: INSERT INTO `de_log_user_logins` (`userId`,`loginTime`,`loginIp`) VALUES ('306','2017-10-27 15:34:15','127.0.0.1') [ RunTime:0.0467s ]

[ 2017-10-27T15:34:16+08:00 ] 127.0.0.1 /Manage/Index/index.html
INFO: [ app_init ] --START--
INFO: Run Behavior\BuildLiteBehavior [ RunTime:0.000013s ]
INFO: [ app_init ] --END-- [ RunTime:0.000318s ]
INFO: [ app_begin ] --START--
INFO: Run Behavior\ReadHtmlCacheBehavior [ RunTime:0.000456s ]
INFO: [ app_begin ] --END-- [ RunTime:0.000495s ]
SQL: SHOW COLUMNS FROM `de_users` [ RunTime:0.0048s ]
SQL: SELECT * FROM `de_users` WHERE ( userId=306 ) LIMIT 1   [ RunTime:0.0008s ]
SQL: SHOW COLUMNS FROM `de_configs` [ RunTime:0.0294s ]
SQL: SELECT * FROM `de_configs` WHERE ( configId=1 ) LIMIT 1   [ RunTime:0.0158s ]
SQL: SHOW COLUMNS FROM `de_order` [ RunTime:0.0951s ]
SQL: SHOW COLUMNS FROM `de_bindweixin` [ RunTime:0.0058s ]
SQL: SHOW COLUMNS FROM `de_financial` [ RunTime:0.0038s ]
SQL: SELECT * FROM `de_financial` WHERE ( userId=306 ) LIMIT 1   [ RunTime:0.0006s ]
SQL: SHOW COLUMNS FROM `de_stores` [ RunTime:0.0045s ]
SQL: SELECT COUNT(*) AS tp_count FROM `de_bindweixin` WHERE ( userId = 306 and usId = 0 and storeId = 0 ) LIMIT 1   [ RunTime:0.0005s ]
SQL: SELECT COUNT(*) AS tp_count FROM `de_order` WHERE ( uid=306 and year(FROM_UNIXTIME(paytime))=2017 and 1 ) LIMIT 1   [ RunTime:0.0611s ]
SQL: SELECT COUNT(*) AS tp_count FROM `de_order` WHERE ( uid=306 and year(FROM_UNIXTIME(paytime))=2016 and 1 ) LIMIT 1   [ RunTime:0.0004s ]
NOTIC: [2] Division by zero C:\Users\Administrator\Desktop\payCode\code\Application\Manage\Controller\IndexController.class.php 第 66 行.
SQL: SELECT COUNT(*) AS tp_count FROM `de_order` WHERE ( uid=306 and date_format(FROM_UNIXTIME(paytime),'%Y-%m')='2017-10' and 1 ) LIMIT 1   [ RunTime:0.0004s ]
SQL: SELECT COUNT(*) AS tp_count FROM `de_order` WHERE ( uid=306 and date_format(FROM_UNIXTIME(paytime),'%Y-%m')='2017-09' and 1 ) LIMIT 1   [ RunTime:0.0002s ]
SQL: SELECT SUM(goods_price) AS tp_sum FROM `de_order` WHERE ( uid=306 and refund = 0 and ispay = 1 and date_format(FROM_UNIXTIME(paytime),'%Y-%m-%d')='2017-10-27' and 1 ) LIMIT 1   [ RunTime:0.0002s ]
SQL: SELECT SUM(goods_price) AS tp_sum FROM `de_order` WHERE ( uid=306 and refund = 0 and ispay = 1 and date_format(FROM_UNIXTIME(paytime),'%Y-%m-%d')='2017-10-26' and 1 ) LIMIT 1   [ RunTime:0.0002s ]
NOTIC: [2] Division by zero C:\Users\Administrator\Desktop\payCode\code\Application\Manage\Controller\IndexController.class.php 第 79 行.
SQL: SELECT SUM(goods_price) AS tp_sum FROM `de_order` WHERE ( uid=306 and refund = 0 and ispay = 1 and date_format(FROM_UNIXTIME(paytime),'%Y-%m')='2017-04' and 1 ) LIMIT 1   [ RunTime:0.0002s ]
SQL: SELECT COUNT(*) AS tp_count FROM `de_order` WHERE ( uid=306 and date_format(FROM_UNIXTIME(paytime),'%Y-%m')='2017-04' and 1 ) LIMIT 1   [ RunTime:0.0002s ]
SQL: SELECT SUM(goods_price) AS tp_sum FROM `de_order` WHERE ( uid=306 and refund = 0 and ispay = 1 and date_format(FROM_UNIXTIME(paytime),'%Y-%m')='2017-05' and 1 ) LIMIT 1   [ RunTime:0.0002s ]
SQL: SELECT COUNT(*) AS tp_count FROM `de_order` WHERE ( uid=306 and date_format(FROM_UNIXTIME(paytime),'%Y-%m')='2017-05' and 1 ) LIMIT 1   [ RunTime:0.0002s ]
SQL: SELECT SUM(goods_price) AS tp_sum FROM `de_order` WHERE ( uid=306 and refund = 0 and ispay = 1 and date_format(FROM_UNIXTIME(paytime),'%Y-%m')='2017-06' and 1 ) LIMIT 1   [ RunTime:0.0002s ]
SQL: SELECT COUNT(*) AS tp_count FROM `de_order` WHERE ( uid=306 and date_format(FROM_UNIXTIME(paytime),'%Y-%m')='2017-06' and 1 ) LIMIT 1   [ RunTime:0.0003s ]
SQL: SELECT SUM(goods_price) AS tp_sum FROM `de_order` WHERE ( uid=306 and refund = 0 and ispay = 1 and date_format(FROM_UNIXTIME(paytime),'%Y-%m')='2017-07' and 1 ) LIMIT 1   [ RunTime:0.0002s ]
SQL: SELECT COUNT(*) AS tp_count FROM `de_order` WHERE ( uid=306 and date_format(FROM_UNIXTIME(paytime),'%Y-%m')='2017-07' and 1 ) LIMIT 1   [ RunTime:0.0002s ]
SQL: SELECT SUM(goods_price) AS tp_sum FROM `de_order` WHERE ( uid=306 and refund = 0 and ispay = 1 and date_format(FROM_UNIXTIME(paytime),'%Y-%m')='2017-08' and 1 ) LIMIT 1   [ RunTime:0.0002s ]
SQL: SELECT COUNT(*) AS tp_count FROM `de_order` WHERE ( uid=306 and date_format(FROM_UNIXTIME(paytime),'%Y-%m')='2017-08' and 1 ) LIMIT 1   [ RunTime:0.0002s ]
SQL: SELECT SUM(goods_price) AS tp_sum FROM `de_order` WHERE ( uid=306 and refund = 0 and ispay = 1 and date_format(FROM_UNIXTIME(paytime),'%Y-%m')='2017-09' and 1 ) LIMIT 1   [ RunTime:0.0003s ]
SQL: SELECT COUNT(*) AS tp_count FROM `de_order` WHERE ( uid=306 and date_format(FROM_UNIXTIME(paytime),'%Y-%m')='2017-09' and 1 ) LIMIT 1   [ RunTime:0.0004s ]
SQL: SELECT SUM(goods_price) AS tp_sum FROM `de_order` WHERE ( uid=306 and refund = 0 and ispay = 1 and date_format(FROM_UNIXTIME(paytime),'%Y-%m')='2017-10' and 1 ) LIMIT 1   [ RunTime:0.0002s ]
SQL: SELECT COUNT(*) AS tp_count FROM `de_order` WHERE ( uid=306 and date_format(FROM_UNIXTIME(paytime),'%Y-%m')='2017-10' and 1 ) LIMIT 1   [ RunTime:0.0004s ]
SQL: SELECT COUNT(*) AS tp_count FROM `de_stores` WHERE ( userId=306 ) LIMIT 1   [ RunTime:0.0003s ]
SQL: SHOW COLUMNS FROM `de_ustaffs` [ RunTime:0.0043s ]
SQL: SELECT COUNT(*) AS tp_count FROM `de_ustaffs` WHERE ( userId=306 ) LIMIT 1   [ RunTime:0.0004s ]
INFO: [ view_parse ] --START--
INFO: [ template_filter ] --START--
INFO: Run Behavior\ContentReplaceBehavior [ RunTime:0.000395s ]
INFO: [ template_filter ] --END-- [ RunTime:0.000441s ]
NOTIC: [2] Division by zero C:\Users\Administrator\Desktop\payCode\code\Application\Runtime\Cache\Manage\737aa8fc5877d411a50443dade831133.php 第 344 行.
NOTIC: [2] Division by zero C:\Users\Administrator\Desktop\payCode\code\Application\Runtime\Cache\Manage\737aa8fc5877d411a50443dade831133.php 第 351 行.
INFO: Run Behavior\ParseTemplateBehavior [ RunTime:0.151091s ]
INFO: [ view_parse ] --END-- [ RunTime:0.151151s ]
INFO: [ view_filter ] --START--
INFO: Run Behavior\WriteHtmlCacheBehavior [ RunTime:0.000577s ]
INFO: [ view_filter ] --END-- [ RunTime:0.000618s ]
INFO: [ app_end ] --START--
INFO: Run Behavior\ShowPageTraceBehavior [ RunTime:0.000590s ]
INFO: [ app_end ] --END-- [ RunTime:0.000641s ]

[ 2017-10-27T16:14:55+08:00 ] 127.0.0.1 /Manage/Users/storefront.html
INFO: [ app_init ] --START--
INFO: Run Behavior\BuildLiteBehavior [ RunTime:0.000014s ]
INFO: [ app_init ] --END-- [ RunTime:0.000429s ]
INFO: [ app_begin ] --START--
INFO: Run Behavior\ReadHtmlCacheBehavior [ RunTime:0.000509s ]
INFO: [ app_begin ] --END-- [ RunTime:0.000559s ]
SQL: SHOW COLUMNS FROM `de_users` [ RunTime:0.0058s ]
SQL: SHOW COLUMNS FROM `de_stores` [ RunTime:0.0042s ]
SQL: select count(*) counts from (select * from de_stores where userId=306 order by storeId desc ) as a [ RunTime:0.0008s ]
SQL: select * from de_stores where userId=306 order by storeId desc  limit 0,20 [ RunTime:0.0003s ]
SQL: SELECT * FROM `de_users` WHERE ( userId=306 ) LIMIT 1   [ RunTime:0.0011s ]
INFO: [ view_parse ] --START--
INFO: [ template_filter ] --START--
INFO: Run Behavior\ContentReplaceBehavior [ RunTime:0.000361s ]
INFO: [ template_filter ] --END-- [ RunTime:0.000407s ]
INFO: Run Behavior\ParseTemplateBehavior [ RunTime:0.042798s ]
INFO: [ view_parse ] --END-- [ RunTime:0.042863s ]
INFO: [ view_filter ] --START--
INFO: Run Behavior\WriteHtmlCacheBehavior [ RunTime:0.000284s ]
INFO: [ view_filter ] --END-- [ RunTime:0.000315s ]
INFO: [ app_end ] --START--
INFO: Run Behavior\ShowPageTraceBehavior [ RunTime:0.000520s ]
INFO: [ app_end ] --END-- [ RunTime:0.000554s ]

[ 2017-10-27T16:17:05+08:00 ] 127.0.0.1 /Manage/Users/employers.html
INFO: [ app_init ] --START--
INFO: Run Behavior\BuildLiteBehavior [ RunTime:0.000011s ]
INFO: [ app_init ] --END-- [ RunTime:0.000356s ]
INFO: [ app_begin ] --START--
INFO: Run Behavior\ReadHtmlCacheBehavior [ RunTime:0.000438s ]
INFO: [ app_begin ] --END-- [ RunTime:0.000474s ]
SQL: SHOW COLUMNS FROM `de_stores` [ RunTime:0.0047s ]
SQL: SELECT * FROM `de_stores` WHERE ( userId=306 )  [ RunTime:0.0005s ]
SQL: SHOW COLUMNS FROM `de_ustaffs` [ RunTime:0.0037s ]
SQL: SELECT * FROM `de_ustaffs` WHERE ( userId=306 )  [ RunTime:0.0004s ]
NOTIC: [8] Undefined variable: store C:\Users\Administrator\Desktop\payCode\code\Application\Manage\Controller\UsersController.class.php 第 60 行.
INFO: [ view_parse ] --START--
INFO: [ template_filter ] --START--
INFO: Run Behavior\ContentReplaceBehavior [ RunTime:0.000396s ]
INFO: [ template_filter ] --END-- [ RunTime:0.000458s ]
NOTIC: [8] Undefined index: printer_sn C:\Users\Administrator\Desktop\payCode\code\Application\Runtime\Cache\Manage\f61d047165c3d93d84e0184aaa367b91.php 第 423 行.
INFO: Run Behavior\ParseTemplateBehavior [ RunTime:0.032632s ]
INFO: [ view_parse ] --END-- [ RunTime:0.032677s ]
INFO: [ view_filter ] --START--
INFO: Run Behavior\WriteHtmlCacheBehavior [ RunTime:0.000268s ]
INFO: [ view_filter ] --END-- [ RunTime:0.000299s ]
INFO: [ app_end ] --START--
INFO: Run Behavior\ShowPageTraceBehavior [ RunTime:0.000498s ]
INFO: [ app_end ] --END-- [ RunTime:0.000533s ]

[ 2017-10-27T16:17:16+08:00 ] 127.0.0.1 /Manage/Users/employers.html
INFO: [ app_init ] --START--
INFO: Run Behavior\BuildLiteBehavior [ RunTime:0.000011s ]
INFO: [ app_init ] --END-- [ RunTime:0.000322s ]
INFO: [ app_begin ] --START--
INFO: Run Behavior\ReadHtmlCacheBehavior [ RunTime:0.000412s ]
INFO: [ app_begin ] --END-- [ RunTime:0.000447s ]
SQL: SHOW COLUMNS FROM `de_stores` [ RunTime:0.0039s ]
SQL: SELECT * FROM `de_stores` WHERE ( userId=306 )  [ RunTime:0.0006s ]
SQL: SHOW COLUMNS FROM `de_ustaffs` [ RunTime:0.0041s ]
SQL: SELECT * FROM `de_ustaffs` WHERE ( userId=306 )  [ RunTime:0.0003s ]
NOTIC: [8] Undefined variable: store C:\Users\Administrator\Desktop\payCode\code\Application\Manage\Controller\UsersController.class.php 第 60 行.
INFO: [ view_parse ] --START--
INFO: [ template_filter ] --START--
INFO: Run Behavior\ContentReplaceBehavior [ RunTime:0.000403s ]
INFO: [ template_filter ] --END-- [ RunTime:0.000449s ]
NOTIC: [8] Undefined index: printer_sn C:\Users\Administrator\Desktop\payCode\code\Application\Runtime\Cache\Manage\f61d047165c3d93d84e0184aaa367b91.php 第 423 行.
INFO: Run Behavior\ParseTemplateBehavior [ RunTime:0.031860s ]
INFO: [ view_parse ] --END-- [ RunTime:0.031905s ]
INFO: [ view_filter ] --START--
INFO: Run Behavior\WriteHtmlCacheBehavior [ RunTime:0.000359s ]
INFO: [ view_filter ] --END-- [ RunTime:0.000389s ]
INFO: [ app_end ] --START--
INFO: Run Behavior\ShowPageTraceBehavior [ RunTime:0.000606s ]
INFO: [ app_end ] --END-- [ RunTime:0.000647s ]

[ 2017-10-27T16:17:17+08:00 ] 127.0.0.1 /Manage/Users/payConfig.html
INFO: [ app_init ] --START--
INFO: Run Behavior\BuildLiteBehavior [ RunTime:0.000012s ]
INFO: [ app_init ] --END-- [ RunTime:0.000345s ]
INFO: [ app_begin ] --START--
INFO: Run Behavior\ReadHtmlCacheBehavior [ RunTime:0.000411s ]
INFO: [ app_begin ] --END-- [ RunTime:0.000450s ]
SQL: SHOW COLUMNS FROM `de_users` [ RunTime:0.0060s ]
SQL: SELECT * FROM `de_users` WHERE ( userId=306 ) LIMIT 1   [ RunTime:0.0009s ]
INFO: [ view_parse ] --START--
INFO: [ template_filter ] --START--
INFO: Run Behavior\ContentReplaceBehavior [ RunTime:0.000539s ]
INFO: [ template_filter ] --END-- [ RunTime:0.000600s ]
INFO: Run Behavior\ParseTemplateBehavior [ RunTime:0.033572s ]
INFO: [ view_parse ] --END-- [ RunTime:0.033622s ]
INFO: [ view_filter ] --START--
INFO: Run Behavior\WriteHtmlCacheBehavior [ RunTime:0.000227s ]
INFO: [ view_filter ] --END-- [ RunTime:0.000258s ]
INFO: [ app_end ] --START--
INFO: Run Behavior\ShowPageTraceBehavior [ RunTime:0.000515s ]
INFO: [ app_end ] --END-- [ RunTime:0.000549s ]

