[ 2017-10-26T11:46:54+08:00 ] 127.0.0.1 /Static/SX/images/pay_icon/other.png
INFO: [ app_init ] --START--
INFO: Run Behavior\BuildLiteBehavior [ RunTime:0.000015s ]
INFO: [ app_init ] --END-- [ RunTime:0.000383s ]
ERR: 无法加载模块:Static

[ 2017-10-26T11:47:17+08:00 ] 127.0.0.1 /Static/SX/images/pay_icon/other.png
INFO: [ app_init ] --START--
INFO: Run Behavior\BuildLiteBehavior [ RunTime:0.000015s ]
INFO: [ app_init ] --END-- [ RunTime:0.000441s ]
ERR: 无法加载模块:Static

[ 2017-10-26T11:48:04+08:00 ] 127.0.0.1 /Static/SX/js/plugins/jquery.jqGrid.min.js.map
INFO: [ app_init ] --START--
INFO: Run Behavior\BuildLiteBehavior [ RunTime:0.000014s ]
INFO: [ app_init ] --END-- [ RunTime:0.000349s ]
ERR: 无法加载模块:Static

[ 2017-10-26T11:48:06+08:00 ] 127.0.0.1 /Static/SX/js/plugins/jquery.jqGrid.min.js.map
INFO: [ app_init ] --START--
INFO: Run Behavior\BuildLiteBehavior [ RunTime:0.000017s ]
INFO: [ app_init ] --END-- [ RunTime:0.000548s ]
ERR: 无法加载模块:Static

[ 2017-10-26T11:48:32+08:00 ] 127.0.0.1 /Static/SX/js/plugins/jquery.jqGrid.min.js.map
INFO: [ app_init ] --START--
INFO: Run Behavior\BuildLiteBehavior [ RunTime:0.000014s ]
INFO: [ app_init ] --END-- [ RunTime:0.000399s ]
ERR: 无法加载模块:Static

[ 2017-10-26T11:48:38+08:00 ] 127.0.0.1 /Static/SX/images/pay_icon/other.png
INFO: [ app_init ] --START--
INFO: Run Behavior\BuildLiteBehavior [ RunTime:0.000013s ]
INFO: [ app_init ] --END-- [ RunTime:0.000339s ]
ERR: 无法加载模块:Static

[ 2017-10-26T11:48:38+08:00 ] 127.0.0.1 /Static/SX/images/pay_icon/other.png
INFO: [ app_init ] --START--
INFO: Run Behavior\BuildLiteBehavior [ RunTime:0.000016s ]
INFO: [ app_init ] --END-- [ RunTime:0.000421s ]
ERR: 无法加载模块:Static

[ 2017-10-26T11:59:22+08:00 ] 127.0.0.1 /Static/SX/js/plugins/jquery.jqGrid.min.js.map
INFO: [ app_init ] --START--
INFO: Run Behavior\BuildLiteBehavior [ RunTime:0.000014s ]
INFO: [ app_init ] --END-- [ RunTime:0.000394s ]
ERR: 无法加载模块:Static

[ 2017-10-26T11:59:24+08:00 ] 127.0.0.1 /Static/SX/js/plugins/jquery.jqGrid.min.js.map
INFO: [ app_init ] --START--
INFO: Run Behavior\BuildLiteBehavior [ RunTime:0.000014s ]
INFO: [ app_init ] --END-- [ RunTime:0.000384s ]
ERR: 无法加载模块:Static

[ 2017-10-26T11:59:29+08:00 ] 127.0.0.1 /Static/SX/js/plugins/jquery.jqGrid.min.js.map
INFO: [ app_init ] --START--
INFO: Run Behavior\BuildLiteBehavior [ RunTime:0.000016s ]
INFO: [ app_init ] --END-- [ RunTime:0.000360s ]
ERR: 无法加载模块:Static

[ 2017-10-26T13:40:11+08:00 ] 127.0.0.1 /Static/SX/images/pay_icon/other.png
INFO: [ app_init ] --START--
INFO: Run Behavior\BuildLiteBehavior [ RunTime:0.000015s ]
INFO: [ app_init ] --END-- [ RunTime:0.000426s ]
ERR: 无法加载模块:Static

[ 2017-10-26T13:40:11+08:00 ] 127.0.0.1 /Static/SX/images/pay_icon/other.png
INFO: [ app_init ] --START--
INFO: Run Behavior\BuildLiteBehavior [ RunTime:0.000014s ]
INFO: [ app_init ] --END-- [ RunTime:0.000452s ]
ERR: 无法加载模块:Static

[ 2017-10-26T13:40:28+08:00 ] 127.0.0.1 /Static/SX/images/pay_icon/other.png
INFO: [ app_init ] --START--
INFO: Run Behavior\BuildLiteBehavior [ RunTime:0.000014s ]
INFO: [ app_init ] --END-- [ RunTime:0.000400s ]
ERR: 无法加载模块:Static

[ 2017-10-26T13:40:28+08:00 ] 127.0.0.1 /Static/SX/images/pay_icon/other.png
INFO: [ app_init ] --START--
INFO: Run Behavior\BuildLiteBehavior [ RunTime:0.000014s ]
INFO: [ app_init ] --END-- [ RunTime:0.000377s ]
ERR: 无法加载模块:Static

[ 2017-10-26T13:40:40+08:00 ] 127.0.0.1 /Static/SX/images/pay_icon/other.png
INFO: [ app_init ] --START--
INFO: Run Behavior\BuildLiteBehavior [ RunTime:0.000015s ]
INFO: [ app_init ] --END-- [ RunTime:0.000427s ]
ERR: 无法加载模块:Static

[ 2017-10-26T13:57:53+08:00 ] 127.0.0.1 /Static/SX/js/plugins/jquery.jqGrid.min.js.map
INFO: [ app_init ] --START--
INFO: Run Behavior\BuildLiteBehavior [ RunTime:0.000016s ]
INFO: [ app_init ] --END-- [ RunTime:0.000440s ]
ERR: 无法加载模块:Static

[ 2017-10-26T13:58:30+08:00 ] 127.0.0.1 /Static/SX/images/pay_icon/other.png
INFO: [ app_init ] --START--
INFO: Run Behavior\BuildLiteBehavior [ RunTime:0.000011s ]
INFO: [ app_init ] --END-- [ RunTime:0.000319s ]
ERR: 无法加载模块:Static

[ 2017-10-26T13:58:30+08:00 ] 127.0.0.1 /Static/SX/images/pay_icon/other.png
INFO: [ app_init ] --START--
INFO: Run Behavior\BuildLiteBehavior [ RunTime:0.000015s ]
INFO: [ app_init ] --END-- [ RunTime:0.000413s ]
ERR: 无法加载模块:Static

